<?xml version="1.0" encoding="UTF-8"?>
<!-- Generated by org.testng.reporters.JUnitXMLReporter -->
<testsuite hostname="Nalli-PC" name="FirefoxTest" tests="1" failures="0" timestamp="22 Aug 2016 11:40:45 GMT" time="49.389" errors="0">
  <testcase name="@BeforeClass beforeTest" time="0.0" classname="TestNG_Example_15.MultiBrowser_07">
    <failure type="org.openqa.selenium.WebDriverException" message="Failed to connect to binary FirefoxBinary(C:\Program Files (x86)\Mozilla Firefox\firefox.exe) on port 7055; process output follows: 
	DEBUG	Updating XPIState for {&amp;quot;id&amp;quot;:&amp;quot;{C1A2A613-35F1-4FCF-B27F-2840527B6556}&amp;quot;,&amp;quot;syncGUID&amp;quot;:&amp;quot;y-dStYKm390X&amp;quot;,&amp;quot;location&amp;quot;:&amp;quot;winreg-app-global&amp;quot;,&amp;quot;version&amp;quot;:&amp;quot;2016.7.0.62&amp;quot;,&amp;quot;type&amp;quot;:&amp;quot;extension&amp;quot;,&amp;quot;internalName&amp;quot;:null,&amp;quot;updateURL&amp;quot;:null,&amp;quot;updateKey&amp;quot;:null,&amp;quot;optionsURL&amp;quot;:null,&amp;quot;optionsType&amp;quot;:null,&amp;quot;aboutURL&amp;quot;:null,&amp;quot;icons&amp;quot;:{&amp;quot;32&amp;quot;:&amp;quot;icon.png&amp;quot;,&amp;quot;48&amp;quot;:&amp;quot;icon.png&amp;quot;},&amp;quot;iconURL&amp;quot;:null,&amp;quot;icon64URL&amp;quot;:null,&amp;quot;defaultLocale&amp;quot;:{&amp;quot;name&amp;quot;:&amp;quot;Norton Identity Safe&amp;quot;,&amp;quot;description&amp;quot;:&amp;quot;Norton Identity Safe Addon for Firefox&amp;quot;,&amp;quot;creator&amp;quot;:&amp;quot;Symantec Corporation&amp;quot;,&amp;quot;homepageURL&amp;quot;:null},&amp;quot;visible&amp;quot;:true,&amp;quot;active&amp;quot;:false,&amp;quot;userDisabled&amp;quot;:true,&amp;quot;appDisabled&amp;quot;:false,&amp;quot;descriptor&amp;quot;:&amp;quot;C:\\ProgramData\\Norton\\{0C55C096-0F1D-4F28-AAA2-85EF591126E7}\\NAV_22.7.0.76\\coFFAddon&amp;quot;,&amp;quot;installDate&amp;quot;:1468557279604,&amp;quot;updateDate&amp;quot;:1468557279604,&amp;quot;applyBackgroundUpdates&amp;quot;:1,&amp;quot;bootstrap&amp;quot;:true,&amp;quot;skinnable&amp;quot;:false,&amp;quot;size&amp;quot;:2178739,&amp;quot;sourceURI&amp;quot;:null,&amp;quot;releaseNotesURI&amp;quot;:null,&amp;quot;softDisabled&amp;quot;:false,&amp;quot;foreignInstall&amp;quot;:true,&amp;quot;hasBinaryComponents&amp;quot;:false,&amp;quot;strictCompatibility&amp;quot;:false,&amp;quot;locales&amp;quot;:[],&amp;quot;targetApplications&amp;quot;:[{&amp;quot;id&amp;quot;:&amp;quot;{ec8030f7-c20a-464f-9b0e-13a3a9e97384}&amp;quot;,&amp;quot;minVersion&amp;quot;:&amp;quot;38.0a1&amp;quot;,&amp;quot;maxVersion&amp;quot;:&amp;quot;*&amp;quot;}],&amp;quot;targetPlatforms&amp;quot;:[],&amp;quot;multiprocessCompatible&amp;quot;:false,&amp;quot;signedState&amp;quot;:2,&amp;quot;seen&amp;quot;:true}
1471866006374	DeferredSave.extensions.json	DEBUG	Save changes
1471866006374	addons.xpi	DEBUG	Updating database with changes to installed add-ons
1471866006374	addons.xpi-utils	DEBUG	Updating add-on states
1471866006375	addons.xpi-utils	DEBUG	Writing add-ons list
1471866006379	addons.xpi	DEBUG	Registering manifest for C:\Program Files (x86)\Mozilla Firefox\browser\features\e10srollout@mozilla.org.xpi
1471866006380	addons.xpi	DEBUG	Calling bootstrap method startup on e10srollout@mozilla.org version 1.0
1471866006380	addons.xpi	DEBUG	Registering manifest for C:\Program Files (x86)\Mozilla Firefox\browser\features\firefox@getpocket.com.xpi
1471866006381	addons.xpi	DEBUG	Calling bootstrap method startup on firefox@getpocket.com version 1.0.2
1471866006383	addons.xpi	DEBUG	Registering manifest for C:\Program Files (x86)\Mozilla Firefox\browser\features\loop@mozilla.org.xpi
1471866006385	addons.xpi	DEBUG	Calling bootstrap method startup on loop@mozilla.org version 1.3.2
1471866006420	addons.manager	DEBUG	Registering shutdown blocker for XPIProvider
1471866006420	addons.manager	DEBUG	Provider finished startup: XPIProvider
1471866006420	addons.manager	DEBUG	Starting provider: LightweightThemeManager
1471866006421	addons.manager	DEBUG	Registering shutdown blocker for LightweightThemeManager
1471866006421	addons.manager	DEBUG	Provider finished startup: LightweightThemeManager
1471866006422	addons.manager	DEBUG	Starting provider: GMPProvider
1471866006432	addons.manager	DEBUG	Registering shutdown blocker for GMPProvider
1471866006433	addons.manager	DEBUG	Provider finished startup: GMPProvider
1471866006433	addons.manager	DEBUG	Starting provider: PluginProvider
1471866006433	addons.manager	DEBUG	Registering shutdown blocker for PluginProvider
1471866006434	addons.manager	DEBUG	Provider finished startup: PluginProvider
1471866006434	addons.manager	DEBUG	Completed startup sequence
1471866007312	DeferredSave.extensions.json	DEBUG	Starting timer
1471866007335	addons.manager	DEBUG	Starting provider: &amp;lt;unnamed-provider&amp;gt;
1471866007335	addons.manager	DEBUG	Registering shutdown blocker for &amp;lt;unnamed-provider&amp;gt;
1471866007336	addons.manager	DEBUG	Provider finished startup: &amp;lt;unnamed-provider&amp;gt;
1471866007666	DeferredSave.extensions.json	DEBUG	Starting write
1471866007824	addons.repository	DEBUG	No addons.json found.
1471866007825	DeferredSave.addons.json	DEBUG	Save changes
1471866007828	DeferredSave.addons.json	DEBUG	Starting timer
1471866008228	addons.manager	DEBUG	Starting provider: PreviousExperimentProvider
1471866008228	addons.manager	DEBUG	Registering shutdown blocker for PreviousExperimentProvider
1471866008229	addons.manager	DEBUG	Provider finished startup: PreviousExperimentProvider
1471866008248	DeferredSave.addons.json	DEBUG	Starting write
1471866008253	DeferredSave.extensions.json	DEBUG	Write succeeded
1471866009231	DeferredSave.addons.json	DEBUG	Write succeeded

Build info: version: &amp;apos;2.47.1&amp;apos;, revision: &amp;apos;411b314&amp;apos;, time: &amp;apos;2015-07-30 02:56:46&amp;apos;
System info: host: &amp;apos;Nalli-PC&amp;apos;, ip: &amp;apos;169.254.179.161&amp;apos;, os.name: &amp;apos;Windows 7&amp;apos;, os.arch: &amp;apos;amd64&amp;apos;, os.version: &amp;apos;6.1&amp;apos;, java.version: &amp;apos;1.7.0_79&amp;apos;
Driver info: driver.version: FirefoxDriver">
      <![CDATA[org.openqa.selenium.WebDriverException: Failed to connect to binary FirefoxBinary(C:\Program Files (x86)\Mozilla Firefox\firefox.exe) on port 7055; process output follows: 
	DEBUG	Updating XPIState for {"id":"{C1A2A613-35F1-4FCF-B27F-2840527B6556}","syncGUID":"y-dStYKm390X","location":"winreg-app-global","version":"2016.7.0.62","type":"extension","internalName":null,"updateURL":null,"updateKey":null,"optionsURL":null,"optionsType":null,"aboutURL":null,"icons":{"32":"icon.png","48":"icon.png"},"iconURL":null,"icon64URL":null,"defaultLocale":{"name":"Norton Identity Safe","description":"Norton Identity Safe Addon for Firefox","creator":"Symantec Corporation","homepageURL":null},"visible":true,"active":false,"userDisabled":true,"appDisabled":false,"descriptor":"C:\\ProgramData\\Norton\\{0C55C096-0F1D-4F28-AAA2-85EF591126E7}\\NAV_22.7.0.76\\coFFAddon","installDate":1468557279604,"updateDate":1468557279604,"applyBackgroundUpdates":1,"bootstrap":true,"skinnable":false,"size":2178739,"sourceURI":null,"releaseNotesURI":null,"softDisabled":false,"foreignInstall":true,"hasBinaryComponents":false,"strictCompatibility":false,"locales":[],"targetApplications":[{"id":"{ec8030f7-c20a-464f-9b0e-13a3a9e97384}","minVersion":"38.0a1","maxVersion":"*"}],"targetPlatforms":[],"multiprocessCompatible":false,"signedState":2,"seen":true}
1471866006374	DeferredSave.extensions.json	DEBUG	Save changes
1471866006374	addons.xpi	DEBUG	Updating database with changes to installed add-ons
1471866006374	addons.xpi-utils	DEBUG	Updating add-on states
1471866006375	addons.xpi-utils	DEBUG	Writing add-ons list
1471866006379	addons.xpi	DEBUG	Registering manifest for C:\Program Files (x86)\Mozilla Firefox\browser\features\e10srollout@mozilla.org.xpi
1471866006380	addons.xpi	DEBUG	Calling bootstrap method startup on e10srollout@mozilla.org version 1.0
1471866006380	addons.xpi	DEBUG	Registering manifest for C:\Program Files (x86)\Mozilla Firefox\browser\features\firefox@getpocket.com.xpi
1471866006381	addons.xpi	DEBUG	Calling bootstrap method startup on firefox@getpocket.com version 1.0.2
1471866006383	addons.xpi	DEBUG	Registering manifest for C:\Program Files (x86)\Mozilla Firefox\browser\features\loop@mozilla.org.xpi
1471866006385	addons.xpi	DEBUG	Calling bootstrap method startup on loop@mozilla.org version 1.3.2
1471866006420	addons.manager	DEBUG	Registering shutdown blocker for XPIProvider
1471866006420	addons.manager	DEBUG	Provider finished startup: XPIProvider
1471866006420	addons.manager	DEBUG	Starting provider: LightweightThemeManager
1471866006421	addons.manager	DEBUG	Registering shutdown blocker for LightweightThemeManager
1471866006421	addons.manager	DEBUG	Provider finished startup: LightweightThemeManager
1471866006422	addons.manager	DEBUG	Starting provider: GMPProvider
1471866006432	addons.manager	DEBUG	Registering shutdown blocker for GMPProvider
1471866006433	addons.manager	DEBUG	Provider finished startup: GMPProvider
1471866006433	addons.manager	DEBUG	Starting provider: PluginProvider
1471866006433	addons.manager	DEBUG	Registering shutdown blocker for PluginProvider
1471866006434	addons.manager	DEBUG	Provider finished startup: PluginProvider
1471866006434	addons.manager	DEBUG	Completed startup sequence
1471866007312	DeferredSave.extensions.json	DEBUG	Starting timer
1471866007335	addons.manager	DEBUG	Starting provider: <unnamed-provider>
1471866007335	addons.manager	DEBUG	Registering shutdown blocker for <unnamed-provider>
1471866007336	addons.manager	DEBUG	Provider finished startup: <unnamed-provider>
1471866007666	DeferredSave.extensions.json	DEBUG	Starting write
1471866007824	addons.repository	DEBUG	No addons.json found.
1471866007825	DeferredSave.addons.json	DEBUG	Save changes
1471866007828	DeferredSave.addons.json	DEBUG	Starting timer
1471866008228	addons.manager	DEBUG	Starting provider: PreviousExperimentProvider
1471866008228	addons.manager	DEBUG	Registering shutdown blocker for PreviousExperimentProvider
1471866008229	addons.manager	DEBUG	Provider finished startup: PreviousExperimentProvider
1471866008248	DeferredSave.addons.json	DEBUG	Starting write
1471866008253	DeferredSave.extensions.json	DEBUG	Write succeeded
1471866009231	DeferredSave.addons.json	DEBUG	Write succeeded

Build info: version: '2.47.1', revision: '411b314', time: '2015-07-30 02:56:46'
System info: host: 'Nalli-PC', ip: '169.254.179.161', os.name: 'Windows 7', os.arch: 'amd64', os.version: '6.1', java.version: '1.7.0_79'
Driver info: driver.version: FirefoxDriver
	at org.openqa.selenium.firefox.internal.NewProfileExtensionConnection.start(NewProfileExtensionConnection.java:134)
	at org.openqa.selenium.firefox.FirefoxDriver.startClient(FirefoxDriver.java:276)
	at org.openqa.selenium.remote.RemoteWebDriver.<init>(RemoteWebDriver.java:116)
	at org.openqa.selenium.firefox.FirefoxDriver.<init>(FirefoxDriver.java:223)
	at org.openqa.selenium.firefox.FirefoxDriver.<init>(FirefoxDriver.java:216)
	at org.openqa.selenium.firefox.FirefoxDriver.<init>(FirefoxDriver.java:212)
	at org.openqa.selenium.firefox.FirefoxDriver.<init>(FirefoxDriver.java:125)
	at TestNG_Example_15.MultiBrowser_07.beforeTest(MultiBrowser_07.java:26)
	at java.util.concurrent.FutureTask.run(Unknown Source)
	at java.util.concurrent.ThreadPoolExecutor.runWorker(Unknown Source)
	at java.util.concurrent.ThreadPoolExecutor$Worker.run(Unknown Source)
	at java.lang.Thread.run(Unknown Source)
Caused by: org.openqa.selenium.firefox.NotConnectedException: Unable to connect to host 127.0.0.1 on port 7055 after 45000 ms. Firefox console output:
	DEBUG	Updating XPIState for {"id":"{C1A2A613-35F1-4FCF-B27F-2840527B6556}","syncGUID":"y-dStYKm390X","location":"winreg-app-global","version":"2016.7.0.62","type":"extension","internalName":null,"updateURL":null,"updateKey":null,"optionsURL":null,"optionsType":null,"aboutURL":null,"icons":{"32":"icon.png","48":"icon.png"},"iconURL":null,"icon64URL":null,"defaultLocale":{"name":"Norton Identity Safe","description":"Norton Identity Safe Addon for Firefox","creator":"Symantec Corporation","homepageURL":null},"visible":true,"active":false,"userDisabled":true,"appDisabled":false,"descriptor":"C:\\ProgramData\\Norton\\{0C55C096-0F1D-4F28-AAA2-85EF591126E7}\\NAV_22.7.0.76\\coFFAddon","installDate":1468557279604,"updateDate":1468557279604,"applyBackgroundUpdates":1,"bootstrap":true,"skinnable":false,"size":2178739,"sourceURI":null,"releaseNotesURI":null,"softDisabled":false,"foreignInstall":true,"hasBinaryComponents":false,"strictCompatibility":false,"locales":[],"targetApplications":[{"id":"{ec8030f7-c20a-464f-9b0e-13a3a9e97384}","minVersion":"38.0a1","maxVersion":"*"}],"targetPlatforms":[],"multiprocessCompatible":false,"signedState":2,"seen":true}
1471866006374	DeferredSave.extensions.json	DEBUG	Save changes
1471866006374	addons.xpi	DEBUG	Updating database with changes to installed add-ons
1471866006374	addons.xpi-utils	DEBUG	Updating add-on states
1471866006375	addons.xpi-utils	DEBUG	Writing add-ons list
1471866006379	addons.xpi	DEBUG	Registering manifest for C:\Program Files (x86)\Mozilla Firefox\browser\features\e10srollout@mozilla.org.xpi
1471866006380	addons.xpi	DEBUG	Calling bootstrap method startup on e10srollout@mozilla.org version 1.0
1471866006380	addons.xpi	DEBUG	Registering manifest for C:\Program Files (x86)\Mozilla Firefox\browser\features\firefox@getpocket.com.xpi
1471866006381	addons.xpi	DEBUG	Calling bootstrap method startup on firefox@getpocket.com version 1.0.2
1471866006383	addons.xpi	DEBUG	Registering manifest for C:\Program Files (x86)\Mozilla Firefox\browser\features\loop@mozilla.org.xpi
1471866006385	addons.xpi	DEBUG	Calling bootstrap method startup on loop@mozilla.org version 1.3.2
1471866006420	addons.manager	DEBUG	Registering shutdown blocker for XPIProvider
1471866006420	addons.manager	DEBUG	Provider finished startup: XPIProvider
1471866006420	addons.manager	DEBUG	Starting provider: LightweightThemeManager
1471866006421	addons.manager	DEBUG	Registering shutdown blocker for LightweightThemeManager
1471866006421	addons.manager	DEBUG	Provider finished startup: LightweightThemeManager
1471866006422	addons.manager	DEBUG	Starting provider: GMPProvider
1471866006432	addons.manager	DEBUG	Registering shutdown blocker for GMPProvider
1471866006433	addons.manager	DEBUG	Provider finished startup: GMPProvider
1471866006433	addons.manager	DEBUG	Starting provider: PluginProvider
1471866006433	addons.manager	DEBUG	Registering shutdown blocker for PluginProvider
1471866006434	addons.manager	DEBUG	Provider finished startup: PluginProvider
1471866006434	addons.manager	DEBUG	Completed startup sequence
1471866007312	DeferredSave.extensions.json	DEBUG	Starting timer
1471866007335	addons.manager	DEBUG	Starting provider: <unnamed-provider>
1471866007335	addons.manager	DEBUG	Registering shutdown blocker for <unnamed-provider>
1471866007336	addons.manager	DEBUG	Provider finished startup: <unnamed-provider>
1471866007666	DeferredSave.extensions.json	DEBUG	Starting write
1471866007824	addons.repository	DEBUG	No addons.json found.
1471866007825	DeferredSave.addons.json	DEBUG	Save changes
1471866007828	DeferredSave.addons.json	DEBUG	Starting timer
1471866008228	addons.manager	DEBUG	Starting provider: PreviousExperimentProvider
1471866008228	addons.manager	DEBUG	Registering shutdown blocker for PreviousExperimentProvider
1471866008229	addons.manager	DEBUG	Provider finished startup: PreviousExperimentProvider
1471866008248	DeferredSave.addons.json	DEBUG	Starting write
1471866008253	DeferredSave.extensions.json	DEBUG	Write succeeded
1471866009231	DeferredSave.addons.json	DEBUG	Write succeeded

	at org.openqa.selenium.firefox.internal.NewProfileExtensionConnection.start(NewProfileExtensionConnection.java:122)
	... 27 more
... Removed 16 stack frames]]>
    </failure>
  </testcase> <!-- @BeforeClass beforeTest -->
  <testcase name="@AfterClass afterTest" time="0.0" classname="TestNG_Example_15.MultiBrowser_07">
    <skipped/>
  </testcase> <!-- @AfterClass afterTest -->
  <testcase name="login" time="0.016" classname="TestNG_Example_15.MultiBrowser_07">
    <skipped/>
  </testcase> <!-- login -->
</testsuite> <!-- FirefoxTest -->
